
****** PlanAhead v14.7 (64-bit)
  **** Build 321239 by xbuild on Fri Sep 27 19:29:51 MDT 2013
    ** Copyright 1986-1999, 2001-2013 Xilinx, Inc. All Rights Reserved.

INFO: [Common 17-78] Attempting to get a license: PlanAhead
INFO: [Common 17-290] Got license for PlanAhead
INFO: [Device 21-36] Loading parts and site information from C:/Xilinx/14.7/ISE_DS/PlanAhead/data/parts/arch.xml
Parsing RTL primitives file [C:/Xilinx/14.7/ISE_DS/PlanAhead/data/parts/xilinx/rtl/prims/rtl_prims.xml]
Finished parsing RTL primitives file [C:/Xilinx/14.7/ISE_DS/PlanAhead/data/parts/xilinx/rtl/prims/rtl_prims.xml]
start_gui
source {C:/Users/AndresOrtiz/Desktop/Ejemplos Tesis/E1-EjemProcess/pa.fromNetlist.tcl}
# create_project -name E1-EjemProcess -dir "C:/Users/AndresOrtiz/Desktop/Ejemplos Tesis/E1-EjemProcess/planAhead_run_2" -part xc3s50atq144-4
create_project: Time (s): elapsed = 00:00:07 . Memory (MB): peak = 438.531 ; gain = 66.219
# set_property design_mode GateLvl [get_property srcset [current_run -impl]]
# set_property edif_top_file "C:/Users/AndresOrtiz/Desktop/Ejemplos Tesis/E1-EjemProcess/main.ngc" [ get_property srcset [ current_run ] ]
# add_files -norecurse { {C:/Users/AndresOrtiz/Desktop/Ejemplos Tesis/E1-EjemProcess} }
# set_property target_constrs_file "elbertv2.ucf" [current_fileset -constrset]
Adding file 'C:/Users/AndresOrtiz/Desktop/Ejemplos Tesis/E1-EjemProcess/elbertv2.ucf' to fileset 'constrs_1'
# add_files [list {elbertv2.ucf}] -fileset [get_property constrset [current_run]]
# link_design
Design is defaulting to srcset: sources_1
Design is defaulting to constrset: constrs_1
Design is defaulting to project part: xc3s50atq144-4
Release 14.7 - ngc2edif P.20131013 (nt64)
Copyright (c) 1995-2013 Xilinx, Inc.  All rights reserved.
Reading design main.ngc ...
WARNING:NetListWriters:298 - No output is written to main.xncf, ignored.
Processing design ...
   Preping design's networks ...
   Preping design's macros ...
  finished :Prep
Writing EDIF netlist file main.edif ...
ngc2edif: Total memory usage is 79072 kilobytes

Parsing EDIF File [./planAhead_run_2/E1-EjemProcess.data/cache/main_ngc_zx.edif]
Finished Parsing EDIF File [./planAhead_run_2/E1-EjemProcess.data/cache/main_ngc_zx.edif]
INFO: [Designutils 20-910] Reading macro library C:/Xilinx/14.7/ISE_DS/PlanAhead/data\./parts/xilinx/spartan3a/hd_int_macros.edn
Parsing EDIF File [C:/Xilinx/14.7/ISE_DS/PlanAhead/data\./parts/xilinx/spartan3a/hd_int_macros.edn]
Finished Parsing EDIF File [C:/Xilinx/14.7/ISE_DS/PlanAhead/data\./parts/xilinx/spartan3a/hd_int_macros.edn]
Loading clock regions from C:/Xilinx/14.7/ISE_DS/PlanAhead/data\parts/xilinx/spartan3a/spartan3a/xc3s50a/ClockRegion.xml
Loading clock buffers from C:/Xilinx/14.7/ISE_DS/PlanAhead/data\parts/xilinx/spartan3a/spartan3a/xc3s50a/ClockBuffers.xml
Loading package from C:/Xilinx/14.7/ISE_DS/PlanAhead/data\parts/xilinx/spartan3a/spartan3a/xc3s50a/tq144/Package.xml
Loading io standards from C:/Xilinx/14.7/ISE_DS/PlanAhead/data\./parts/xilinx/spartan3a/IOStandards.xml
INFO: [Device 21-19] Loading pkg sso from C:/Xilinx/14.7/ISE_DS/PlanAhead/data\parts/xilinx/spartan3a/spartan3a/xc3s50a/tq144/SSORules.xml
Loading list of drcs for the architecture : C:/Xilinx/14.7/ISE_DS/PlanAhead/data\./parts/xilinx/spartan3a/drc.xml
INFO: [Timing 38-77] Reading timing library C:/Xilinx/14.7/ISE_DS/PlanAhead/data\parts/xilinx/spartan3a/spartan3a/spartan3a-4.lib.
INFO: [Timing 38-34] Done reading timing library C:/Xilinx/14.7/ISE_DS/PlanAhead/data\parts/xilinx/spartan3a/spartan3a/spartan3a-4.lib.
Parsing UCF File [C:/Users/AndresOrtiz/Desktop/Ejemplos Tesis/E1-EjemProcess/elbertv2.ucf]
Finished Parsing UCF File [C:/Users/AndresOrtiz/Desktop/Ejemplos Tesis/E1-EjemProcess/elbertv2.ucf]
INFO: [Project 1-111] Unisim Transformation Summary:
No Unisim elements were transformed.

Phase 0 | Netlist Checksum: 155358a2
link_design: Time (s): elapsed = 00:00:23 . Memory (MB): peak = 560.344 ; gain = 114.430
