#-----------------------------------------------------------
# PlanAhead v14.7 (64-bit)
# Build 321239 by xbuild on Fri Sep 27 19:29:51 MDT 2013
# Start of session at: Sat Mar 04 20:31:11 2023
# Process ID: 1924
# Log file: C:/Users/AndresOrtiz/Desktop/Ejemplos Tesis/E1-EjemProcess/planAhead_run_3/planAhead.log
# Journal file: C:/Users/AndresOrtiz/Desktop/Ejemplos Tesis/E1-EjemProcess/planAhead_run_3/planAhead.jou
#-----------------------------------------------------------
INFO: [Common 17-78] Attempting to get a license: PlanAhead
INFO: [Common 17-290] Got license for PlanAhead
INFO: [Device 21-36] Loading parts and site information from C:/Xilinx/14.7/ISE_DS/PlanAhead/data/parts/arch.xml
Parsing RTL primitives file [C:/Xilinx/14.7/ISE_DS/PlanAhead/data/parts/xilinx/rtl/prims/rtl_prims.xml]
Finished parsing RTL primitives file [C:/Xilinx/14.7/ISE_DS/PlanAhead/data/parts/xilinx/rtl/prims/rtl_prims.xml]
start_gui
source {C:/Users/AndresOrtiz/Desktop/Ejemplos Tesis/E1-EjemProcess/pa.fromNcd.tcl}
# create_project -name E1-EjemProcess -dir "C:/Users/AndresOrtiz/Desktop/Ejemplos Tesis/E1-EjemProcess/planAhead_run_3" -part xc3s50atq144-4
# set srcset [get_property srcset [current_run -impl]]
# set_property design_mode GateLvl $srcset
# set_property edif_top_file "C:/Users/AndresOrtiz/Desktop/Ejemplos Tesis/E1-EjemProcess/main.ngc" [ get_property srcset [ current_run ] ]
# add_files -norecurse { {C:/Users/AndresOrtiz/Desktop/Ejemplos Tesis/E1-EjemProcess} }
# set_property target_constrs_file "elbertv2.ucf" [current_fileset -constrset]
Adding file 'C:/Users/AndresOrtiz/Desktop/Ejemplos Tesis/E1-EjemProcess/elbertv2.ucf' to fileset 'constrs_1'
# add_files [list {elbertv2.ucf}] -fileset [get_property constrset [current_run]]
# link_design
Design is defaulting to srcset: sources_1
Design is defaulting to constrset: constrs_1
Design is defaulting to project part: xc3s50atq144-4
Release 14.7 - ngc2edif P.20131013 (nt64)
Copyright (c) 1995-2013 Xilinx, Inc.  All rights reserved.
Reading design main.ngc ...
WARNING:NetListWriters:298 - No output is written to main.xncf, ignored.
Processing design ...
   Preping design's networks ...
   Preping design's macros ...
  finished :Prep
Writing EDIF netlist file main.edif ...
ngc2edif: Total memory usage is 79456 kilobytes

Parsing EDIF File [./planAhead_run_3/E1-EjemProcess.data/cache/main_ngc_zx.edif]
Finished Parsing EDIF File [./planAhead_run_3/E1-EjemProcess.data/cache/main_ngc_zx.edif]
INFO: [Designutils 20-910] Reading macro library C:/Xilinx/14.7/ISE_DS/PlanAhead/data\./parts/xilinx/spartan3a/hd_int_macros.edn
Parsing EDIF File [C:/Xilinx/14.7/ISE_DS/PlanAhead/data\./parts/xilinx/spartan3a/hd_int_macros.edn]
Finished Parsing EDIF File [C:/Xilinx/14.7/ISE_DS/PlanAhead/data\./parts/xilinx/spartan3a/hd_int_macros.edn]
Loading clock regions from C:/Xilinx/14.7/ISE_DS/PlanAhead/data\parts/xilinx/spartan3a/spartan3a/xc3s50a/ClockRegion.xml
Loading clock buffers from C:/Xilinx/14.7/ISE_DS/PlanAhead/data\parts/xilinx/spartan3a/spartan3a/xc3s50a/ClockBuffers.xml
Loading package from C:/Xilinx/14.7/ISE_DS/PlanAhead/data\parts/xilinx/spartan3a/spartan3a/xc3s50a/tq144/Package.xml
Loading io standards from C:/Xilinx/14.7/ISE_DS/PlanAhead/data\./parts/xilinx/spartan3a/IOStandards.xml
INFO: [Device 21-19] Loading pkg sso from C:/Xilinx/14.7/ISE_DS/PlanAhead/data\parts/xilinx/spartan3a/spartan3a/xc3s50a/tq144/SSORules.xml
Loading list of drcs for the architecture : C:/Xilinx/14.7/ISE_DS/PlanAhead/data\./parts/xilinx/spartan3a/drc.xml
INFO: [Timing 38-77] Reading timing library C:/Xilinx/14.7/ISE_DS/PlanAhead/data\parts/xilinx/spartan3a/spartan3a/spartan3a-4.lib.
INFO: [Timing 38-34] Done reading timing library C:/Xilinx/14.7/ISE_DS/PlanAhead/data\parts/xilinx/spartan3a/spartan3a/spartan3a-4.lib.
Parsing UCF File [C:/Users/AndresOrtiz/Desktop/Ejemplos Tesis/E1-EjemProcess/elbertv2.ucf]
Finished Parsing UCF File [C:/Users/AndresOrtiz/Desktop/Ejemplos Tesis/E1-EjemProcess/elbertv2.ucf]
INFO: [Project 1-111] Unisim Transformation Summary:
No Unisim elements were transformed.

Phase 0 | Netlist Checksum: 155358a2
link_design: Time (s): elapsed = 00:00:08 . Memory (MB): peak = 552.824 ; gain = 128.730
# read_xdl -file "C:/Users/AndresOrtiz/Desktop/Ejemplos Tesis/E1-EjemProcess/main.ncd"
Release 14.7 - xdl P.20131013 (nt64)
Copyright (c) 1995-2013 Xilinx, Inc.  All rights reserved.

WARNING:XDL:213 - The resulting xdl output will not have LUT equation strings or RAM INIT strings.
Loading device for application Rf_Device from file '3s50a.nph' in environment C:\Xilinx\14.7\ISE_DS\ISE\.
   "main" is an NCD, version 3.2, device xc3s50a, package tq144, speed -4
Successfully converted design 'C:\Users\AndresOrtiz\Desktop\Ejemplos Tesis\E1-EjemProcess\main.ncd' to 'C:\Users\AndresOrtiz\Desktop\Ejemplos Tesis\E1-EjemProcess\main.xdl'.
INFO: [Designutils 20-669] Parsing Placement File : C:/Users/AndresOrtiz/Desktop/Ejemplos Tesis/E1-EjemProcess/main.ncd
INFO: [Designutils 20-658] Finished Parsing Placement File : C:/Users/AndresOrtiz/Desktop/Ejemplos Tesis/E1-EjemProcess/main.ncd
INFO: [Designutils 20-671] Placed 3 instances
read_xdl: Time (s): elapsed = 00:00:07 . Memory (MB): peak = 571.063 ; gain = 16.250
# if {[catch {read_twx -name results_1 -file "C:/Users/AndresOrtiz/Desktop/Ejemplos Tesis/E1-EjemProcess/main.twx"} eInfo]} {
#    puts "WARNING: there was a problem importing \"C:/Users/AndresOrtiz/Desktop/Ejemplos Tesis/E1-EjemProcess/main.twx\": $eInfo"
# }
exit
ERROR: [PlanAhead 12-106] *** Exception: ui.h.b: Found deleted key in HTclEventBroker. Verify if the classes listed here call cleanup()
HTclEvent: SIGNAL_MODIFY   Classes: ui.views.aR 
HTclEvent: DEBUG_CORE_CONFIG_CHANGE   Classes: ui.views.aR 
HTclEvent: DEBUG_PORT_CONFIG_CHANGE   Classes: ui.views.aR 
HTclEvent: SIGNAL_BUS_MODIFY   Classes: ui.views.aR 
 (See C:/Users/AndresOrtiz/Desktop/Ejemplos Tesis/E1-EjemProcess\planAhead_pid1924.debug)
ERROR: [Common 17-39] 'stop_gui' failed due to earlier errors.
INFO: [Common 17-206] Exiting PlanAhead at Sat Mar 04 20:31:53 2023...
INFO: [Common 17-83] Releasing license: PlanAhead
